+r
Starting program: d:\Cpro\fpc-advanced-classroom-1st-year-assignment-Siva117-star\set03\problem02.exe 
[New Thread 1128.0xb08]
warning: Can not parse XML library list; XML support was disabled at compile time
[Thread 1128.0xb08 exited with code 0]
[Inferior 1 (process 1128) exited normally]
+gdb ./problem03
Undefined command: "gdb".  Try "help".
+c
The program is not being run.
+set logging file problem03_debug.log
+set logging enabled on
Undefined set logging command: "enabled on".  Try "help set logging".
+set logging on
Already logging to problem02_debug.log.
+set trace-commands on
+r
Starting program: d:\Cpro\fpc-advanced-classroom-1st-year-assignment-Siva117-star\set03\problem02.exe 
[New Thread 7956.0x12a8]
[Thread 7956.0x12a8 exited with code 0]
[Inferior 1 (process 7956) exited normally]
+3
Undefined command: "3".  Try "help".
+q
