+cd "d:\Cpro\fpc-advanced-classroom-1st-year-assignment-Siva117-star\set01"
"d:\Cpro\fpc-advanced-classroom-1st-year-assignment-Siva117-star\set01": Invalid argument.
+gdb ./problem03
Undefined command: "gdb".  Try "help".
+c
The program is not being run.
+set logging file problem03_debug.log
+set logging enabled on
Undefined set logging command: "enabled on".  Try "help set logging".
+set logging on
Already logging to problem02_debug.log.
+set trace-commands on
+cd "d:\Cpro\fpc-advanced-classroom-1st-year-assignment-Siva117-star\set01"
"d:\Cpro\fpc-advanced-classroom-1st-year-assignment-Siva117-star\set01": Invalid argument.
+gdb ./problem03
Undefined command: "gdb".  Try "help".
+c
The program is not being run.
+set logging file problem03_debug.log
+set logging enabled on
Undefined set logging command: "enabled on".  Try "help set logging".
+set logging on
Already logging to problem02_debug.log.
+set trace-commands on
+cd "d:\Cpro\fpc-advanced-classroom-1st-year-assignment-Siva117-star\set01"
"d:\Cpro\fpc-advanced-classroom-1st-year-assignment-Siva117-star\set01": Invalid argument.
+gdb ./problem04
Undefined command: "gdb".  Try "help".
+c
The program is not being run.
+set logging file problem04_debug.log
+set logging enabled on
Undefined set logging command: "enabled on".  Try "help set logging".
+set logging on
Already logging to problem02_debug.log.
+set trace-commands on
+r
Starting program: d:\Cpro\fpc-advanced-classroom-1st-year-assignment-Siva117-star\set01\problem02.exe 
[New Thread 6096.0x37c0]
warning: Can not parse XML library list; XML support was disabled at compile time
[Thread 6096.0x37c0 exited with code 0]
[Inferior 1 (process 6096) exited normally]
+n
The program is not being run.
+r
Starting program: d:\Cpro\fpc-advanced-classroom-1st-year-assignment-Siva117-star\set01\problem02.exe 
[New Thread 15692.0x3478]
[Thread 15692.0x3478 exited with code 0]
[Inferior 1 (process 15692) exited normally]
+r
Starting program: d:\Cpro\fpc-advanced-classroom-1st-year-assignment-Siva117-star\set01\problem02.exe 
[New Thread 10600.0x1398]
[Thread 10600.0x1398 exited with code 0]
[Inferior 1 (process 10600) exited normally]
+q
