+q
+r
Starting program: d:\Cpro\fpc-advanced-classroom-1st-year-assignment-Siva117-star\set01\problem09.exe 
[New Thread 17364.0x2378]
warning: Can not parse XML library list; XML support was disabled at compile time
[Thread 17364.0x2b68 exited with code 0]
[Inferior 1 (process 17364) exited normally]
+cd "d:\Cpro\fpc-advanced-classroom-1st-year-assignment-Siva117-star\set01"
"d:\Cpro\fpc-advanced-classroom-1st-year-assignment-Siva117-star\set01": Invalid argument.
+gdb ./problem01
Undefined command: "gdb".  Try "help".
+c
The program is not being run.
+set logging file problem01_debug.log
+set logging enabled on
Undefined set logging command: "enabled on".  Try "help set logging".
+set logging on
Already logging to problem09_debug.log.
+set trace-commands on
+r
Starting program: d:\Cpro\fpc-advanced-classroom-1st-year-assignment-Siva117-star\set01\problem09.exe 
[New Thread 9100.0x3ee8]
[Thread 9100.0x2bc4 exited with code 0]
[Inferior 1 (process 9100) exited normally]
+cd "d:\Cpro\fpc-advanced-classroom-1st-year-assignment-Siva117-star\set01"
"d:\Cpro\fpc-advanced-classroom-1st-year-assignment-Siva117-star\set01": Invalid argument.
+gdb ./problem01
Undefined command: "gdb".  Try "help".
+c
The program is not being run.
+set logging file problem01_debug.log
+set logging enabled on
Undefined set logging command: "enabled on".  Try "help set logging".
+set logging on
Already logging to problem09_debug.log.
+set trace-commands on
+r
Starting program: d:\Cpro\fpc-advanced-classroom-1st-year-assignment-Siva117-star\set01\problem09.exe 
[New Thread 7248.0x3aa0]
[Thread 7248.0x3aa0 exited with code 0]
[Inferior 1 (process 7248) exited normally]
+set loggin off
